<?xml version="1.0" encoding="UTF-8"?>
<!-- Generated by org.testng.reporters.JUnitXMLReporter -->
<testsuite ignored="0" hostname="Abduls-MBP" failures="1" tests="1" name="AmazonTest" time="29.54" errors="0" timestamp="2021-11-14T22:36:07 EST">
  <testcase classname="amazon.page.AmazonPagesTest" name="amazonPageTest" time="20.258">
    <failure type="java.lang.AssertionError" message="expected:&amp;lt;Subtotal (2 items): $27.80&amp;gt; but was:&amp;lt;Subtotal (2 items): $33.98&amp;gt;">
      <![CDATA[java.lang.AssertionError: expected:<Subtotal (2 items): $27.80> but was:<Subtotal (2 items): $33.98>
at amazon.page.AmazonPagesTest.amazonPageTest(AmazonPagesTest.java:40)
at java.base/java.util.ArrayList.forEach(ArrayList.java:1511)
... Removed 29 stack frames]]>
    </failure>
  </testcase> <!-- amazonPageTest -->
</testsuite> <!-- AmazonTest -->
